{"C:\\Users\\Jacob Akanji\\OneDrive - Cal Poly\\Desktop\\website-app\\packages\\express-backend\\src\\backend.js": {"path":"C:\\Users\\Jacob Akanji\\OneDrive - Cal Poly\\Desktop\\website-app\\packages\\express-backend\\src\\backend.js","statementMap":{"0":{"start":{"line":2,"column":16},"end":{"line":2,"column":34}},"1":{"start":{"line":3,"column":13},"end":{"line":3,"column":28}},"2":{"start":{"line":4,"column":21},"end":{"line":4,"column":55}},"3":{"start":{"line":5,"column":21},"end":{"line":5,"column":56}},"4":{"start":{"line":7,"column":12},"end":{"line":7,"column":21}},"5":{"start":{"line":9,"column":0},"end":{"line":9,"column":16}},"6":{"start":{"line":10,"column":0},"end":{"line":10,"column":24}},"7":{"start":{"line":13,"column":0},"end":{"line":19,"column":3}},"8":{"start":{"line":14,"column":23},"end":{"line":14,"column":32}},"9":{"start":{"line":15,"column":2},"end":{"line":18,"column":66}},"10":{"start":{"line":17,"column":21},"end":{"line":17,"column":36}},"11":{"start":{"line":18,"column":20},"end":{"line":18,"column":64}},"12":{"start":{"line":21,"column":0},"end":{"line":29,"column":3}},"13":{"start":{"line":22,"column":2},"end":{"line":28,"column":66}},"14":{"start":{"line":25,"column":6},"end":{"line":25,"column":64}},"15":{"start":{"line":25,"column":17},"end":{"line":25,"column":64}},"16":{"start":{"line":26,"column":6},"end":{"line":26,"column":21}},"17":{"start":{"line":28,"column":20},"end":{"line":28,"column":64}},"18":{"start":{"line":32,"column":0},"end":{"line":39,"column":3}},"19":{"start":{"line":33,"column":2},"end":{"line":33,"column":67}},"20":{"start":{"line":34,"column":23},"end":{"line":34,"column":31}},"21":{"start":{"line":35,"column":2},"end":{"line":38,"column":66}},"22":{"start":{"line":37,"column":23},"end":{"line":37,"column":52}},"23":{"start":{"line":38,"column":20},"end":{"line":38,"column":64}},"24":{"start":{"line":42,"column":0},"end":{"line":50,"column":3}},"25":{"start":{"line":43,"column":2},"end":{"line":49,"column":66}},"26":{"start":{"line":46,"column":6},"end":{"line":46,"column":67}},"27":{"start":{"line":46,"column":20},"end":{"line":46,"column":67}},"28":{"start":{"line":47,"column":6},"end":{"line":47,"column":29}},"29":{"start":{"line":49,"column":20},"end":{"line":49,"column":64}},"30":{"start":{"line":53,"column":0},"end":{"line":58,"column":3}},"31":{"start":{"line":54,"column":2},"end":{"line":57,"column":66}},"32":{"start":{"line":56,"column":20},"end":{"line":56,"column":34}},"33":{"start":{"line":57,"column":20},"end":{"line":57,"column":64}},"34":{"start":{"line":61,"column":0},"end":{"line":66,"column":3}},"35":{"start":{"line":62,"column":2},"end":{"line":65,"column":66}},"36":{"start":{"line":64,"column":20},"end":{"line":64,"column":34}},"37":{"start":{"line":65,"column":20},"end":{"line":65,"column":64}},"38":{"start":{"line":69,"column":0},"end":{"line":74,"column":3}},"39":{"start":{"line":70,"column":2},"end":{"line":73,"column":66}},"40":{"start":{"line":72,"column":20},"end":{"line":72,"column":34}},"41":{"start":{"line":73,"column":20},"end":{"line":73,"column":64}},"42":{"start":{"line":77,"column":0},"end":{"line":82,"column":3}},"43":{"start":{"line":78,"column":2},"end":{"line":81,"column":66}},"44":{"start":{"line":80,"column":20},"end":{"line":80,"column":34}},"45":{"start":{"line":81,"column":20},"end":{"line":81,"column":64}},"46":{"start":{"line":84,"column":0},"end":{"line":86,"column":3}},"47":{"start":{"line":85,"column":2},"end":{"line":85,"column":31}},"48":{"start":{"line":91,"column":0},"end":{"line":97,"column":3}},"49":{"start":{"line":92,"column":23},"end":{"line":92,"column":32}},"50":{"start":{"line":93,"column":2},"end":{"line":96,"column":66}},"51":{"start":{"line":95,"column":21},"end":{"line":95,"column":36}},"52":{"start":{"line":96,"column":20},"end":{"line":96,"column":64}},"53":{"start":{"line":100,"column":0},"end":{"line":106,"column":3}},"54":{"start":{"line":101,"column":22},"end":{"line":101,"column":31}},"55":{"start":{"line":102,"column":2},"end":{"line":105,"column":66}},"56":{"start":{"line":104,"column":21},"end":{"line":104,"column":36}},"57":{"start":{"line":105,"column":20},"end":{"line":105,"column":64}},"58":{"start":{"line":108,"column":0},"end":{"line":116,"column":3}},"59":{"start":{"line":109,"column":2},"end":{"line":115,"column":66}},"60":{"start":{"line":112,"column":6},"end":{"line":112,"column":64}},"61":{"start":{"line":112,"column":17},"end":{"line":112,"column":64}},"62":{"start":{"line":113,"column":6},"end":{"line":113,"column":21}},"63":{"start":{"line":115,"column":20},"end":{"line":115,"column":64}},"64":{"start":{"line":119,"column":0},"end":{"line":125,"column":3}},"65":{"start":{"line":120,"column":32},"end":{"line":120,"column":40}},"66":{"start":{"line":121,"column":2},"end":{"line":124,"column":66}},"67":{"start":{"line":123,"column":23},"end":{"line":123,"column":52}},"68":{"start":{"line":124,"column":20},"end":{"line":124,"column":64}},"69":{"start":{"line":127,"column":0},"end":{"line":135,"column":3}},"70":{"start":{"line":128,"column":2},"end":{"line":134,"column":66}},"71":{"start":{"line":131,"column":6},"end":{"line":131,"column":67}},"72":{"start":{"line":131,"column":20},"end":{"line":131,"column":67}},"73":{"start":{"line":132,"column":6},"end":{"line":132,"column":29}},"74":{"start":{"line":134,"column":20},"end":{"line":134,"column":64}},"75":{"start":{"line":137,"column":0},"end":{"line":137,"column":25}}},"fnMap":{"0":{"name":"(anonymous_0)","decl":{"start":{"line":13,"column":18},"end":{"line":13,"column":19}},"loc":{"start":{"line":13,"column":38},"end":{"line":19,"column":1}},"line":13},"1":{"name":"(anonymous_1)","decl":{"start":{"line":17,"column":10},"end":{"line":17,"column":11}},"loc":{"start":{"line":17,"column":21},"end":{"line":17,"column":36}},"line":17},"2":{"name":"(anonymous_2)","decl":{"start":{"line":18,"column":11},"end":{"line":18,"column":12}},"loc":{"start":{"line":18,"column":20},"end":{"line":18,"column":64}},"line":18},"3":{"name":"(anonymous_3)","decl":{"start":{"line":21,"column":22},"end":{"line":21,"column":23}},"loc":{"start":{"line":21,"column":42},"end":{"line":29,"column":1}},"line":21},"4":{"name":"(anonymous_4)","decl":{"start":{"line":24,"column":10},"end":{"line":24,"column":11}},"loc":{"start":{"line":24,"column":20},"end":{"line":27,"column":5}},"line":24},"5":{"name":"(anonymous_5)","decl":{"start":{"line":28,"column":11},"end":{"line":28,"column":12}},"loc":{"start":{"line":28,"column":20},"end":{"line":28,"column":64}},"line":28},"6":{"name":"(anonymous_6)","decl":{"start":{"line":32,"column":19},"end":{"line":32,"column":20}},"loc":{"start":{"line":32,"column":39},"end":{"line":39,"column":1}},"line":32},"7":{"name":"(anonymous_7)","decl":{"start":{"line":37,"column":10},"end":{"line":37,"column":11}},"loc":{"start":{"line":37,"column":23},"end":{"line":37,"column":52}},"line":37},"8":{"name":"(anonymous_8)","decl":{"start":{"line":38,"column":11},"end":{"line":38,"column":12}},"loc":{"start":{"line":38,"column":20},"end":{"line":38,"column":64}},"line":38},"9":{"name":"(anonymous_9)","decl":{"start":{"line":42,"column":25},"end":{"line":42,"column":26}},"loc":{"start":{"line":42,"column":45},"end":{"line":50,"column":1}},"line":42},"10":{"name":"(anonymous_10)","decl":{"start":{"line":45,"column":10},"end":{"line":45,"column":11}},"loc":{"start":{"line":45,"column":23},"end":{"line":48,"column":5}},"line":45},"11":{"name":"(anonymous_11)","decl":{"start":{"line":49,"column":11},"end":{"line":49,"column":12}},"loc":{"start":{"line":49,"column":20},"end":{"line":49,"column":64}},"line":49},"12":{"name":"(anonymous_12)","decl":{"start":{"line":53,"column":29},"end":{"line":53,"column":30}},"loc":{"start":{"line":53,"column":49},"end":{"line":58,"column":1}},"line":53},"13":{"name":"(anonymous_13)","decl":{"start":{"line":56,"column":10},"end":{"line":56,"column":11}},"loc":{"start":{"line":56,"column":20},"end":{"line":56,"column":34}},"line":56},"14":{"name":"(anonymous_14)","decl":{"start":{"line":57,"column":11},"end":{"line":57,"column":12}},"loc":{"start":{"line":57,"column":20},"end":{"line":57,"column":64}},"line":57},"15":{"name":"(anonymous_15)","decl":{"start":{"line":61,"column":30},"end":{"line":61,"column":31}},"loc":{"start":{"line":61,"column":50},"end":{"line":66,"column":1}},"line":61},"16":{"name":"(anonymous_16)","decl":{"start":{"line":64,"column":10},"end":{"line":64,"column":11}},"loc":{"start":{"line":64,"column":20},"end":{"line":64,"column":34}},"line":64},"17":{"name":"(anonymous_17)","decl":{"start":{"line":65,"column":11},"end":{"line":65,"column":12}},"loc":{"start":{"line":65,"column":20},"end":{"line":65,"column":64}},"line":65},"18":{"name":"(anonymous_18)","decl":{"start":{"line":69,"column":31},"end":{"line":69,"column":32}},"loc":{"start":{"line":69,"column":51},"end":{"line":74,"column":1}},"line":69},"19":{"name":"(anonymous_19)","decl":{"start":{"line":72,"column":10},"end":{"line":72,"column":11}},"loc":{"start":{"line":72,"column":20},"end":{"line":72,"column":34}},"line":72},"20":{"name":"(anonymous_20)","decl":{"start":{"line":73,"column":11},"end":{"line":73,"column":12}},"loc":{"start":{"line":73,"column":20},"end":{"line":73,"column":64}},"line":73},"21":{"name":"(anonymous_21)","decl":{"start":{"line":77,"column":30},"end":{"line":77,"column":31}},"loc":{"start":{"line":77,"column":50},"end":{"line":82,"column":1}},"line":77},"22":{"name":"(anonymous_22)","decl":{"start":{"line":80,"column":10},"end":{"line":80,"column":11}},"loc":{"start":{"line":80,"column":20},"end":{"line":80,"column":34}},"line":80},"23":{"name":"(anonymous_23)","decl":{"start":{"line":81,"column":11},"end":{"line":81,"column":12}},"loc":{"start":{"line":81,"column":20},"end":{"line":81,"column":64}},"line":81},"24":{"name":"(anonymous_24)","decl":{"start":{"line":84,"column":13},"end":{"line":84,"column":14}},"loc":{"start":{"line":84,"column":27},"end":{"line":86,"column":1}},"line":84},"25":{"name":"(anonymous_25)","decl":{"start":{"line":91,"column":18},"end":{"line":91,"column":19}},"loc":{"start":{"line":91,"column":38},"end":{"line":97,"column":1}},"line":91},"26":{"name":"(anonymous_26)","decl":{"start":{"line":95,"column":10},"end":{"line":95,"column":11}},"loc":{"start":{"line":95,"column":21},"end":{"line":95,"column":36}},"line":95},"27":{"name":"(anonymous_27)","decl":{"start":{"line":96,"column":11},"end":{"line":96,"column":12}},"loc":{"start":{"line":96,"column":20},"end":{"line":96,"column":64}},"line":96},"28":{"name":"(anonymous_28)","decl":{"start":{"line":100,"column":25},"end":{"line":100,"column":26}},"loc":{"start":{"line":100,"column":45},"end":{"line":106,"column":1}},"line":100},"29":{"name":"(anonymous_29)","decl":{"start":{"line":104,"column":10},"end":{"line":104,"column":11}},"loc":{"start":{"line":104,"column":21},"end":{"line":104,"column":36}},"line":104},"30":{"name":"(anonymous_30)","decl":{"start":{"line":105,"column":11},"end":{"line":105,"column":12}},"loc":{"start":{"line":105,"column":20},"end":{"line":105,"column":64}},"line":105},"31":{"name":"(anonymous_31)","decl":{"start":{"line":108,"column":22},"end":{"line":108,"column":23}},"loc":{"start":{"line":108,"column":42},"end":{"line":116,"column":1}},"line":108},"32":{"name":"(anonymous_32)","decl":{"start":{"line":111,"column":10},"end":{"line":111,"column":11}},"loc":{"start":{"line":111,"column":20},"end":{"line":114,"column":5}},"line":111},"33":{"name":"(anonymous_33)","decl":{"start":{"line":115,"column":11},"end":{"line":115,"column":12}},"loc":{"start":{"line":115,"column":20},"end":{"line":115,"column":64}},"line":115},"34":{"name":"(anonymous_34)","decl":{"start":{"line":119,"column":19},"end":{"line":119,"column":20}},"loc":{"start":{"line":119,"column":39},"end":{"line":125,"column":1}},"line":119},"35":{"name":"(anonymous_35)","decl":{"start":{"line":123,"column":10},"end":{"line":123,"column":11}},"loc":{"start":{"line":123,"column":23},"end":{"line":123,"column":52}},"line":123},"36":{"name":"(anonymous_36)","decl":{"start":{"line":124,"column":11},"end":{"line":124,"column":12}},"loc":{"start":{"line":124,"column":20},"end":{"line":124,"column":64}},"line":124},"37":{"name":"(anonymous_37)","decl":{"start":{"line":127,"column":25},"end":{"line":127,"column":26}},"loc":{"start":{"line":127,"column":45},"end":{"line":135,"column":1}},"line":127},"38":{"name":"(anonymous_38)","decl":{"start":{"line":130,"column":10},"end":{"line":130,"column":11}},"loc":{"start":{"line":130,"column":23},"end":{"line":133,"column":5}},"line":130},"39":{"name":"(anonymous_39)","decl":{"start":{"line":134,"column":11},"end":{"line":134,"column":12}},"loc":{"start":{"line":134,"column":20},"end":{"line":134,"column":64}},"line":134}},"branchMap":{"0":{"loc":{"start":{"line":25,"column":6},"end":{"line":25,"column":64}},"type":"if","locations":[{"start":{"line":25,"column":6},"end":{"line":25,"column":64}},{"start":{},"end":{}}],"line":25},"1":{"loc":{"start":{"line":46,"column":6},"end":{"line":46,"column":67}},"type":"if","locations":[{"start":{"line":46,"column":6},"end":{"line":46,"column":67}},{"start":{},"end":{}}],"line":46},"2":{"loc":{"start":{"line":112,"column":6},"end":{"line":112,"column":64}},"type":"if","locations":[{"start":{"line":112,"column":6},"end":{"line":112,"column":64}},{"start":{},"end":{}}],"line":112},"3":{"loc":{"start":{"line":131,"column":6},"end":{"line":131,"column":67}},"type":"if","locations":[{"start":{"line":131,"column":6},"end":{"line":131,"column":67}},{"start":{},"end":{}}],"line":131}},"s":{"0":1,"1":1,"2":1,"3":1,"4":1,"5":1,"6":1,"7":1,"8":2,"9":2,"10":1,"11":1,"12":1,"13":4,"14":2,"15":1,"16":1,"17":2,"18":1,"19":2,"20":2,"21":2,"22":1,"23":1,"24":1,"25":3,"26":2,"27":1,"28":1,"29":1,"30":1,"31":3,"32":1,"33":2,"34":1,"35":2,"36":1,"37":1,"38":1,"39":2,"40":1,"41":1,"42":1,"43":2,"44":1,"45":1,"46":1,"47":1,"48":1,"49":2,"50":2,"51":1,"52":1,"53":1,"54":2,"55":2,"56":1,"57":1,"58":1,"59":3,"60":2,"61":1,"62":1,"63":1,"64":1,"65":2,"66":2,"67":1,"68":1,"69":1,"70":3,"71":2,"72":1,"73":1,"74":1,"75":1},"f":{"0":2,"1":1,"2":1,"3":4,"4":2,"5":2,"6":2,"7":1,"8":1,"9":3,"10":2,"11":1,"12":3,"13":1,"14":2,"15":2,"16":1,"17":1,"18":2,"19":1,"20":1,"21":2,"22":1,"23":1,"24":1,"25":2,"26":1,"27":1,"28":2,"29":1,"30":1,"31":3,"32":2,"33":1,"34":2,"35":1,"36":1,"37":3,"38":2,"39":1},"b":{"0":[1,1],"1":[1,1],"2":[1,1],"3":[1,1]},"inputSourceMap":null,"_coverageSchema":"1a1c01bbd47fc00a2c39e90264f33305004495a9","hash":"8bd6c8cd440f94c9048ca779ab566e731862a44c"}
,"C:\\Users\\Jacob Akanji\\OneDrive - Cal Poly\\Desktop\\website-app\\packages\\express-backend\\src\\songs\\song-services.js": {"path":"C:\\Users\\Jacob Akanji\\OneDrive - Cal Poly\\Desktop\\website-app\\packages\\express-backend\\src\\songs\\song-services.js","statementMap":{"0":{"start":{"line":2,"column":17},"end":{"line":2,"column":36}},"1":{"start":{"line":3,"column":13},"end":{"line":3,"column":33}},"2":{"start":{"line":5,"column":0},"end":{"line":5,"column":28}},"3":{"start":{"line":16,"column":2},"end":{"line":16,"column":36}},"4":{"start":{"line":16,"column":17},"end":{"line":16,"column":36}},"5":{"start":{"line":17,"column":2},"end":{"line":17,"column":33}},"6":{"start":{"line":21,"column":2},"end":{"line":21,"column":27}},"7":{"start":{"line":25,"column":18},"end":{"line":25,"column":49}},"8":{"start":{"line":26,"column":2},"end":{"line":26,"column":24}},"9":{"start":{"line":30,"column":2},"end":{"line":30,"column":36}},"10":{"start":{"line":35,"column":2},"end":{"line":35,"column":35}},"11":{"start":{"line":35,"column":16},"end":{"line":35,"column":35}},"12":{"start":{"line":36,"column":2},"end":{"line":38,"column":5}},"13":{"start":{"line":41,"column":0},"end":{"line":47,"column":2}}},"fnMap":{"0":{"name":"getSongs","decl":{"start":{"line":15,"column":9},"end":{"line":15,"column":17}},"loc":{"start":{"line":15,"column":28},"end":{"line":18,"column":1}},"line":15},"1":{"name":"findSongById","decl":{"start":{"line":20,"column":9},"end":{"line":20,"column":21}},"loc":{"start":{"line":20,"column":26},"end":{"line":22,"column":1}},"line":20},"2":{"name":"addSong","decl":{"start":{"line":24,"column":9},"end":{"line":24,"column":16}},"loc":{"start":{"line":24,"column":41},"end":{"line":27,"column":1}},"line":24},"3":{"name":"deleteSong","decl":{"start":{"line":29,"column":9},"end":{"line":29,"column":19}},"loc":{"start":{"line":29,"column":24},"end":{"line":31,"column":1}},"line":29},"4":{"name":"searchSong","decl":{"start":{"line":34,"column":9},"end":{"line":34,"column":19}},"loc":{"start":{"line":34,"column":29},"end":{"line":39,"column":1}},"line":34}},"branchMap":{"0":{"loc":{"start":{"line":16,"column":2},"end":{"line":16,"column":36}},"type":"if","locations":[{"start":{"line":16,"column":2},"end":{"line":16,"column":36}},{"start":{},"end":{}}],"line":16},"1":{"loc":{"start":{"line":24,"column":27},"end":{"line":24,"column":39}},"type":"default-arg","locations":[{"start":{"line":24,"column":37},"end":{"line":24,"column":39}}],"line":24},"2":{"loc":{"start":{"line":35,"column":2},"end":{"line":35,"column":35}},"type":"if","locations":[{"start":{"line":35,"column":2},"end":{"line":35,"column":35}},{"start":{},"end":{}}],"line":35}},"s":{"0":2,"1":2,"2":2,"3":3,"4":2,"5":1,"6":3,"7":2,"8":2,"9":3,"10":2,"11":0,"12":2,"13":2},"f":{"0":3,"1":3,"2":2,"3":3,"4":2},"b":{"0":[2,1],"1":[0],"2":[0,2]},"inputSourceMap":null,"_coverageSchema":"1a1c01bbd47fc00a2c39e90264f33305004495a9","hash":"67028eadb11ea6900b8e5973b23037b95ef18e36"}
,"C:\\Users\\Jacob Akanji\\OneDrive - Cal Poly\\Desktop\\website-app\\packages\\express-backend\\src\\songs\\song.js": {"path":"C:\\Users\\Jacob Akanji\\OneDrive - Cal Poly\\Desktop\\website-app\\packages\\express-backend\\src\\songs\\song.js","statementMap":{"0":{"start":{"line":2,"column":17},"end":{"line":2,"column":36}},"1":{"start":{"line":4,"column":19},"end":{"line":21,"column":1}},"2":{"start":{"line":23,"column":0},"end":{"line":23,"column":52}}},"fnMap":{},"branchMap":{},"s":{"0":2,"1":2,"2":2},"f":{},"b":{},"inputSourceMap":null,"_coverageSchema":"1a1c01bbd47fc00a2c39e90264f33305004495a9","hash":"246cd6eab4ef6c58e1f1617553651431d709d6a9"}
,"C:\\Users\\Jacob Akanji\\OneDrive - Cal Poly\\Desktop\\website-app\\packages\\express-backend\\src\\user\\user-services.js": {"path":"C:\\Users\\Jacob Akanji\\OneDrive - Cal Poly\\Desktop\\website-app\\packages\\express-backend\\src\\user\\user-services.js","statementMap":{"0":{"start":{"line":2,"column":18},"end":{"line":2,"column":38}},"1":{"start":{"line":6,"column":2},"end":{"line":6,"column":56}},"2":{"start":{"line":7,"column":2},"end":{"line":13,"column":3}},"3":{"start":{"line":8,"column":4},"end":{"line":8,"column":61}},"4":{"start":{"line":9,"column":21},"end":{"line":9,"column":43}},"5":{"start":{"line":10,"column":4},"end":{"line":10,"column":43}},"6":{"start":{"line":12,"column":4},"end":{"line":12,"column":20}},"7":{"start":{"line":14,"column":2},"end":{"line":14,"column":44}},"8":{"start":{"line":18,"column":2},"end":{"line":18,"column":32}},"9":{"start":{"line":23,"column":18},"end":{"line":23,"column":45}},"10":{"start":{"line":24,"column":2},"end":{"line":24,"column":24}},"11":{"start":{"line":29,"column":2},"end":{"line":29,"column":41}},"12":{"start":{"line":35,"column":15},"end":{"line":35,"column":43}},"13":{"start":{"line":36,"column":2},"end":{"line":36,"column":47}},"14":{"start":{"line":36,"column":13},"end":{"line":36,"column":47}},"15":{"start":{"line":37,"column":2},"end":{"line":37,"column":62}},"16":{"start":{"line":37,"column":25},"end":{"line":37,"column":62}},"17":{"start":{"line":38,"column":2},"end":{"line":38,"column":71}},"18":{"start":{"line":43,"column":15},"end":{"line":43,"column":43}},"19":{"start":{"line":44,"column":2},"end":{"line":44,"column":47}},"20":{"start":{"line":44,"column":13},"end":{"line":44,"column":47}},"21":{"start":{"line":46,"column":2},"end":{"line":46,"column":71}},"22":{"start":{"line":51,"column":15},"end":{"line":51,"column":43}},"23":{"start":{"line":52,"column":2},"end":{"line":52,"column":47}},"24":{"start":{"line":52,"column":13},"end":{"line":52,"column":47}},"25":{"start":{"line":53,"column":2},"end":{"line":53,"column":71}},"26":{"start":{"line":58,"column":15},"end":{"line":58,"column":43}},"27":{"start":{"line":59,"column":2},"end":{"line":59,"column":47}},"28":{"start":{"line":59,"column":13},"end":{"line":59,"column":47}},"29":{"start":{"line":61,"column":17},"end":{"line":61,"column":19}},"30":{"start":{"line":62,"column":2},"end":{"line":62,"column":60}},"31":{"start":{"line":62,"column":31},"end":{"line":62,"column":60}},"32":{"start":{"line":63,"column":2},"end":{"line":63,"column":45}},"33":{"start":{"line":63,"column":26},"end":{"line":63,"column":45}},"34":{"start":{"line":65,"column":2},"end":{"line":65,"column":64}},"35":{"start":{"line":68,"column":0},"end":{"line":77,"column":2}}},"fnMap":{"0":{"name":"getUsers","decl":{"start":{"line":5,"column":15},"end":{"line":5,"column":23}},"loc":{"start":{"line":5,"column":34},"end":{"line":15,"column":1}},"line":5},"1":{"name":"findUserById","decl":{"start":{"line":17,"column":9},"end":{"line":17,"column":21}},"loc":{"start":{"line":17,"column":26},"end":{"line":19,"column":1}},"line":17},"2":{"name":"createUser","decl":{"start":{"line":22,"column":9},"end":{"line":22,"column":19}},"loc":{"start":{"line":22,"column":30},"end":{"line":25,"column":1}},"line":22},"3":{"name":"deleteUser","decl":{"start":{"line":28,"column":9},"end":{"line":28,"column":19}},"loc":{"start":{"line":28,"column":24},"end":{"line":30,"column":1}},"line":28},"4":{"name":"loginUser","decl":{"start":{"line":34,"column":15},"end":{"line":34,"column":24}},"loc":{"start":{"line":34,"column":29},"end":{"line":39,"column":1}},"line":34},"5":{"name":"logoutUser","decl":{"start":{"line":42,"column":15},"end":{"line":42,"column":25}},"loc":{"start":{"line":42,"column":30},"end":{"line":47,"column":1}},"line":42},"6":{"name":"timeoutUser","decl":{"start":{"line":50,"column":15},"end":{"line":50,"column":26}},"loc":{"start":{"line":50,"column":31},"end":{"line":54,"column":1}},"line":50},"7":{"name":"changePrefs","decl":{"start":{"line":57,"column":15},"end":{"line":57,"column":26}},"loc":{"start":{"line":57,"column":52},"end":{"line":66,"column":1}},"line":57}},"branchMap":{"0":{"loc":{"start":{"line":7,"column":2},"end":{"line":13,"column":3}},"type":"if","locations":[{"start":{"line":7,"column":2},"end":{"line":13,"column":3}},{"start":{},"end":{}}],"line":7},"1":{"loc":{"start":{"line":36,"column":2},"end":{"line":36,"column":47}},"type":"if","locations":[{"start":{"line":36,"column":2},"end":{"line":36,"column":47}},{"start":{},"end":{}}],"line":36},"2":{"loc":{"start":{"line":37,"column":2},"end":{"line":37,"column":62}},"type":"if","locations":[{"start":{"line":37,"column":2},"end":{"line":37,"column":62}},{"start":{},"end":{}}],"line":37},"3":{"loc":{"start":{"line":44,"column":2},"end":{"line":44,"column":47}},"type":"if","locations":[{"start":{"line":44,"column":2},"end":{"line":44,"column":47}},{"start":{},"end":{}}],"line":44},"4":{"loc":{"start":{"line":52,"column":2},"end":{"line":52,"column":47}},"type":"if","locations":[{"start":{"line":52,"column":2},"end":{"line":52,"column":47}},{"start":{},"end":{}}],"line":52},"5":{"loc":{"start":{"line":59,"column":2},"end":{"line":59,"column":47}},"type":"if","locations":[{"start":{"line":59,"column":2},"end":{"line":59,"column":47}},{"start":{},"end":{}}],"line":59},"6":{"loc":{"start":{"line":62,"column":2},"end":{"line":62,"column":60}},"type":"if","locations":[{"start":{"line":62,"column":2},"end":{"line":62,"column":60}},{"start":{},"end":{}}],"line":62},"7":{"loc":{"start":{"line":63,"column":2},"end":{"line":63,"column":45}},"type":"if","locations":[{"start":{"line":63,"column":2},"end":{"line":63,"column":45}},{"start":{},"end":{}}],"line":63}},"s":{"0":2,"1":4,"2":4,"3":3,"4":3,"5":2,"6":2,"7":1,"8":10,"9":3,"10":3,"11":4,"12":6,"13":6,"14":2,"15":4,"16":2,"17":2,"18":4,"19":4,"20":2,"21":2,"22":4,"23":4,"24":2,"25":2,"26":4,"27":4,"28":2,"29":2,"30":2,"31":2,"32":2,"33":2,"34":2,"35":2},"f":{"0":4,"1":10,"2":3,"3":4,"4":6,"5":4,"6":4,"7":4},"b":{"0":[3,1],"1":[2,4],"2":[2,2],"3":[2,2],"4":[2,2],"5":[2,2],"6":[2,0],"7":[2,0]},"inputSourceMap":null,"_coverageSchema":"1a1c01bbd47fc00a2c39e90264f33305004495a9","hash":"61ad270ad58ae1601ec1f7d016c4f7e1fa5d7291"}
,"C:\\Users\\Jacob Akanji\\OneDrive - Cal Poly\\Desktop\\website-app\\packages\\express-backend\\src\\user\\user.js": {"path":"C:\\Users\\Jacob Akanji\\OneDrive - Cal Poly\\Desktop\\website-app\\packages\\express-backend\\src\\user\\user.js","statementMap":{"0":{"start":{"line":2,"column":17},"end":{"line":2,"column":36}},"1":{"start":{"line":4,"column":19},"end":{"line":34,"column":1}},"2":{"start":{"line":36,"column":0},"end":{"line":36,"column":52}}},"fnMap":{},"branchMap":{},"s":{"0":2,"1":2,"2":2},"f":{},"b":{},"inputSourceMap":null,"_coverageSchema":"1a1c01bbd47fc00a2c39e90264f33305004495a9","hash":"c9442e608be1bc12778b6dbcb5297fee6776f2b6"}
}
