{"C:\\Users\\Jacob Akanji\\.ssh\\website-app\\packages\\express-backend\\src\\backend.js": {"path":"C:\\Users\\Jacob Akanji\\.ssh\\website-app\\packages\\express-backend\\src\\backend.js","statementMap":{"0":{"start":{"line":2,"column":16},"end":{"line":2,"column":34}},"1":{"start":{"line":3,"column":13},"end":{"line":3,"column":28}},"2":{"start":{"line":4,"column":21},"end":{"line":4,"column":55}},"3":{"start":{"line":5,"column":21},"end":{"line":5,"column":56}},"4":{"start":{"line":7,"column":12},"end":{"line":7,"column":21}},"5":{"start":{"line":8,"column":13},"end":{"line":8,"column":17}},"6":{"start":{"line":10,"column":0},"end":{"line":10,"column":16}},"7":{"start":{"line":11,"column":0},"end":{"line":11,"column":24}},"8":{"start":{"line":14,"column":2},"end":{"line":14,"column":37}},"9":{"start":{"line":17,"column":0},"end":{"line":24,"column":3}},"10":{"start":{"line":18,"column":2},"end":{"line":23,"column":66}},"11":{"start":{"line":20,"column":6},"end":{"line":20,"column":64}},"12":{"start":{"line":20,"column":17},"end":{"line":20,"column":64}},"13":{"start":{"line":21,"column":6},"end":{"line":21,"column":21}},"14":{"start":{"line":23,"column":20},"end":{"line":23,"column":64}},"15":{"start":{"line":27,"column":0},"end":{"line":32,"column":3}},"16":{"start":{"line":28,"column":23},"end":{"line":28,"column":31}},"17":{"start":{"line":29,"column":2},"end":{"line":31,"column":66}},"18":{"start":{"line":30,"column":23},"end":{"line":30,"column":52}},"19":{"start":{"line":31,"column":20},"end":{"line":31,"column":64}},"20":{"start":{"line":35,"column":0},"end":{"line":42,"column":3}},"21":{"start":{"line":36,"column":2},"end":{"line":41,"column":66}},"22":{"start":{"line":38,"column":6},"end":{"line":38,"column":67}},"23":{"start":{"line":38,"column":20},"end":{"line":38,"column":67}},"24":{"start":{"line":39,"column":6},"end":{"line":39,"column":29}},"25":{"start":{"line":41,"column":20},"end":{"line":41,"column":64}},"26":{"start":{"line":45,"column":0},"end":{"line":49,"column":3}},"27":{"start":{"line":46,"column":2},"end":{"line":48,"column":66}},"28":{"start":{"line":47,"column":20},"end":{"line":47,"column":34}},"29":{"start":{"line":48,"column":20},"end":{"line":48,"column":64}},"30":{"start":{"line":52,"column":0},"end":{"line":56,"column":3}},"31":{"start":{"line":53,"column":2},"end":{"line":55,"column":66}},"32":{"start":{"line":54,"column":20},"end":{"line":54,"column":34}},"33":{"start":{"line":55,"column":20},"end":{"line":55,"column":64}},"34":{"start":{"line":59,"column":0},"end":{"line":63,"column":3}},"35":{"start":{"line":60,"column":2},"end":{"line":62,"column":66}},"36":{"start":{"line":61,"column":20},"end":{"line":61,"column":34}},"37":{"start":{"line":62,"column":20},"end":{"line":62,"column":64}},"38":{"start":{"line":66,"column":0},"end":{"line":70,"column":3}},"39":{"start":{"line":67,"column":2},"end":{"line":69,"column":66}},"40":{"start":{"line":68,"column":20},"end":{"line":68,"column":34}},"41":{"start":{"line":69,"column":20},"end":{"line":69,"column":64}},"42":{"start":{"line":72,"column":0},"end":{"line":74,"column":3}},"43":{"start":{"line":73,"column":2},"end":{"line":73,"column":31}},"44":{"start":{"line":79,"column":0},"end":{"line":84,"column":3}},"45":{"start":{"line":80,"column":23},"end":{"line":80,"column":32}},"46":{"start":{"line":81,"column":2},"end":{"line":83,"column":66}},"47":{"start":{"line":82,"column":21},"end":{"line":82,"column":36}},"48":{"start":{"line":83,"column":20},"end":{"line":83,"column":64}},"49":{"start":{"line":87,"column":0},"end":{"line":92,"column":3}},"50":{"start":{"line":88,"column":22},"end":{"line":88,"column":31}},"51":{"start":{"line":89,"column":2},"end":{"line":91,"column":66}},"52":{"start":{"line":90,"column":21},"end":{"line":90,"column":36}},"53":{"start":{"line":91,"column":20},"end":{"line":91,"column":64}},"54":{"start":{"line":94,"column":0},"end":{"line":101,"column":3}},"55":{"start":{"line":95,"column":2},"end":{"line":100,"column":66}},"56":{"start":{"line":97,"column":6},"end":{"line":97,"column":64}},"57":{"start":{"line":97,"column":17},"end":{"line":97,"column":64}},"58":{"start":{"line":98,"column":6},"end":{"line":98,"column":21}},"59":{"start":{"line":100,"column":20},"end":{"line":100,"column":64}},"60":{"start":{"line":104,"column":0},"end":{"line":109,"column":3}},"61":{"start":{"line":105,"column":32},"end":{"line":105,"column":40}},"62":{"start":{"line":106,"column":2},"end":{"line":108,"column":66}},"63":{"start":{"line":107,"column":23},"end":{"line":107,"column":52}},"64":{"start":{"line":108,"column":20},"end":{"line":108,"column":64}},"65":{"start":{"line":111,"column":0},"end":{"line":118,"column":3}},"66":{"start":{"line":112,"column":2},"end":{"line":117,"column":66}},"67":{"start":{"line":114,"column":6},"end":{"line":114,"column":67}},"68":{"start":{"line":114,"column":20},"end":{"line":114,"column":67}},"69":{"start":{"line":115,"column":6},"end":{"line":115,"column":29}},"70":{"start":{"line":117,"column":20},"end":{"line":117,"column":64}},"71":{"start":{"line":120,"column":0},"end":{"line":120,"column":40}}},"fnMap":{"0":{"name":"setDatabaseConn","decl":{"start":{"line":13,"column":9},"end":{"line":13,"column":24}},"loc":{"start":{"line":13,"column":31},"end":{"line":15,"column":1}},"line":13},"1":{"name":"(anonymous_1)","decl":{"start":{"line":17,"column":22},"end":{"line":17,"column":23}},"loc":{"start":{"line":17,"column":36},"end":{"line":24,"column":1}},"line":17},"2":{"name":"(anonymous_2)","decl":{"start":{"line":19,"column":10},"end":{"line":19,"column":11}},"loc":{"start":{"line":19,"column":20},"end":{"line":22,"column":5}},"line":19},"3":{"name":"(anonymous_3)","decl":{"start":{"line":23,"column":11},"end":{"line":23,"column":12}},"loc":{"start":{"line":23,"column":20},"end":{"line":23,"column":64}},"line":23},"4":{"name":"(anonymous_4)","decl":{"start":{"line":27,"column":19},"end":{"line":27,"column":20}},"loc":{"start":{"line":27,"column":33},"end":{"line":32,"column":1}},"line":27},"5":{"name":"(anonymous_5)","decl":{"start":{"line":30,"column":10},"end":{"line":30,"column":11}},"loc":{"start":{"line":30,"column":23},"end":{"line":30,"column":52}},"line":30},"6":{"name":"(anonymous_6)","decl":{"start":{"line":31,"column":11},"end":{"line":31,"column":12}},"loc":{"start":{"line":31,"column":20},"end":{"line":31,"column":64}},"line":31},"7":{"name":"(anonymous_7)","decl":{"start":{"line":35,"column":25},"end":{"line":35,"column":26}},"loc":{"start":{"line":35,"column":39},"end":{"line":42,"column":1}},"line":35},"8":{"name":"(anonymous_8)","decl":{"start":{"line":37,"column":10},"end":{"line":37,"column":11}},"loc":{"start":{"line":37,"column":23},"end":{"line":40,"column":5}},"line":37},"9":{"name":"(anonymous_9)","decl":{"start":{"line":41,"column":11},"end":{"line":41,"column":12}},"loc":{"start":{"line":41,"column":20},"end":{"line":41,"column":64}},"line":41},"10":{"name":"(anonymous_10)","decl":{"start":{"line":45,"column":29},"end":{"line":45,"column":30}},"loc":{"start":{"line":45,"column":43},"end":{"line":49,"column":1}},"line":45},"11":{"name":"(anonymous_11)","decl":{"start":{"line":47,"column":10},"end":{"line":47,"column":11}},"loc":{"start":{"line":47,"column":20},"end":{"line":47,"column":34}},"line":47},"12":{"name":"(anonymous_12)","decl":{"start":{"line":48,"column":11},"end":{"line":48,"column":12}},"loc":{"start":{"line":48,"column":20},"end":{"line":48,"column":64}},"line":48},"13":{"name":"(anonymous_13)","decl":{"start":{"line":52,"column":30},"end":{"line":52,"column":31}},"loc":{"start":{"line":52,"column":44},"end":{"line":56,"column":1}},"line":52},"14":{"name":"(anonymous_14)","decl":{"start":{"line":54,"column":10},"end":{"line":54,"column":11}},"loc":{"start":{"line":54,"column":20},"end":{"line":54,"column":34}},"line":54},"15":{"name":"(anonymous_15)","decl":{"start":{"line":55,"column":11},"end":{"line":55,"column":12}},"loc":{"start":{"line":55,"column":20},"end":{"line":55,"column":64}},"line":55},"16":{"name":"(anonymous_16)","decl":{"start":{"line":59,"column":31},"end":{"line":59,"column":32}},"loc":{"start":{"line":59,"column":45},"end":{"line":63,"column":1}},"line":59},"17":{"name":"(anonymous_17)","decl":{"start":{"line":61,"column":10},"end":{"line":61,"column":11}},"loc":{"start":{"line":61,"column":20},"end":{"line":61,"column":34}},"line":61},"18":{"name":"(anonymous_18)","decl":{"start":{"line":62,"column":11},"end":{"line":62,"column":12}},"loc":{"start":{"line":62,"column":20},"end":{"line":62,"column":64}},"line":62},"19":{"name":"(anonymous_19)","decl":{"start":{"line":66,"column":30},"end":{"line":66,"column":31}},"loc":{"start":{"line":66,"column":44},"end":{"line":70,"column":1}},"line":66},"20":{"name":"(anonymous_20)","decl":{"start":{"line":68,"column":10},"end":{"line":68,"column":11}},"loc":{"start":{"line":68,"column":20},"end":{"line":68,"column":34}},"line":68},"21":{"name":"(anonymous_21)","decl":{"start":{"line":69,"column":11},"end":{"line":69,"column":12}},"loc":{"start":{"line":69,"column":20},"end":{"line":69,"column":64}},"line":69},"22":{"name":"(anonymous_22)","decl":{"start":{"line":72,"column":13},"end":{"line":72,"column":14}},"loc":{"start":{"line":72,"column":27},"end":{"line":74,"column":1}},"line":72},"23":{"name":"(anonymous_23)","decl":{"start":{"line":79,"column":18},"end":{"line":79,"column":19}},"loc":{"start":{"line":79,"column":32},"end":{"line":84,"column":1}},"line":79},"24":{"name":"(anonymous_24)","decl":{"start":{"line":82,"column":10},"end":{"line":82,"column":11}},"loc":{"start":{"line":82,"column":21},"end":{"line":82,"column":36}},"line":82},"25":{"name":"(anonymous_25)","decl":{"start":{"line":83,"column":11},"end":{"line":83,"column":12}},"loc":{"start":{"line":83,"column":20},"end":{"line":83,"column":64}},"line":83},"26":{"name":"(anonymous_26)","decl":{"start":{"line":87,"column":25},"end":{"line":87,"column":26}},"loc":{"start":{"line":87,"column":39},"end":{"line":92,"column":1}},"line":87},"27":{"name":"(anonymous_27)","decl":{"start":{"line":90,"column":10},"end":{"line":90,"column":11}},"loc":{"start":{"line":90,"column":21},"end":{"line":90,"column":36}},"line":90},"28":{"name":"(anonymous_28)","decl":{"start":{"line":91,"column":11},"end":{"line":91,"column":12}},"loc":{"start":{"line":91,"column":20},"end":{"line":91,"column":64}},"line":91},"29":{"name":"(anonymous_29)","decl":{"start":{"line":94,"column":22},"end":{"line":94,"column":23}},"loc":{"start":{"line":94,"column":36},"end":{"line":101,"column":1}},"line":94},"30":{"name":"(anonymous_30)","decl":{"start":{"line":96,"column":10},"end":{"line":96,"column":11}},"loc":{"start":{"line":96,"column":20},"end":{"line":99,"column":5}},"line":96},"31":{"name":"(anonymous_31)","decl":{"start":{"line":100,"column":11},"end":{"line":100,"column":12}},"loc":{"start":{"line":100,"column":20},"end":{"line":100,"column":64}},"line":100},"32":{"name":"(anonymous_32)","decl":{"start":{"line":104,"column":19},"end":{"line":104,"column":20}},"loc":{"start":{"line":104,"column":33},"end":{"line":109,"column":1}},"line":104},"33":{"name":"(anonymous_33)","decl":{"start":{"line":107,"column":10},"end":{"line":107,"column":11}},"loc":{"start":{"line":107,"column":23},"end":{"line":107,"column":52}},"line":107},"34":{"name":"(anonymous_34)","decl":{"start":{"line":108,"column":11},"end":{"line":108,"column":12}},"loc":{"start":{"line":108,"column":20},"end":{"line":108,"column":64}},"line":108},"35":{"name":"(anonymous_35)","decl":{"start":{"line":111,"column":25},"end":{"line":111,"column":26}},"loc":{"start":{"line":111,"column":39},"end":{"line":118,"column":1}},"line":111},"36":{"name":"(anonymous_36)","decl":{"start":{"line":113,"column":10},"end":{"line":113,"column":11}},"loc":{"start":{"line":113,"column":23},"end":{"line":116,"column":5}},"line":113},"37":{"name":"(anonymous_37)","decl":{"start":{"line":117,"column":11},"end":{"line":117,"column":12}},"loc":{"start":{"line":117,"column":20},"end":{"line":117,"column":64}},"line":117}},"branchMap":{"0":{"loc":{"start":{"line":20,"column":6},"end":{"line":20,"column":64}},"type":"if","locations":[{"start":{"line":20,"column":6},"end":{"line":20,"column":64}},{"start":{},"end":{}}],"line":20},"1":{"loc":{"start":{"line":38,"column":6},"end":{"line":38,"column":67}},"type":"if","locations":[{"start":{"line":38,"column":6},"end":{"line":38,"column":67}},{"start":{},"end":{}}],"line":38},"2":{"loc":{"start":{"line":97,"column":6},"end":{"line":97,"column":64}},"type":"if","locations":[{"start":{"line":97,"column":6},"end":{"line":97,"column":64}},{"start":{},"end":{}}],"line":97},"3":{"loc":{"start":{"line":114,"column":6},"end":{"line":114,"column":67}},"type":"if","locations":[{"start":{"line":114,"column":6},"end":{"line":114,"column":67}},{"start":{},"end":{}}],"line":114}},"s":{"0":1,"1":1,"2":1,"3":1,"4":1,"5":1,"6":1,"7":1,"8":1,"9":1,"10":0,"11":0,"12":0,"13":0,"14":0,"15":1,"16":0,"17":0,"18":0,"19":0,"20":1,"21":0,"22":0,"23":0,"24":0,"25":0,"26":1,"27":0,"28":0,"29":0,"30":1,"31":0,"32":0,"33":0,"34":1,"35":0,"36":0,"37":0,"38":1,"39":0,"40":0,"41":0,"42":1,"43":1,"44":1,"45":0,"46":0,"47":0,"48":0,"49":1,"50":0,"51":0,"52":0,"53":0,"54":1,"55":0,"56":0,"57":0,"58":0,"59":0,"60":1,"61":0,"62":0,"63":0,"64":0,"65":1,"66":0,"67":0,"68":0,"69":0,"70":0,"71":1},"f":{"0":1,"1":0,"2":0,"3":0,"4":0,"5":0,"6":0,"7":0,"8":0,"9":0,"10":0,"11":0,"12":0,"13":0,"14":0,"15":0,"16":0,"17":0,"18":0,"19":0,"20":0,"21":0,"22":1,"23":0,"24":0,"25":0,"26":0,"27":0,"28":0,"29":0,"30":0,"31":0,"32":0,"33":0,"34":0,"35":0,"36":0,"37":0},"b":{"0":[0,0],"1":[0,0],"2":[0,0],"3":[0,0]},"inputSourceMap":null,"_coverageSchema":"1a1c01bbd47fc00a2c39e90264f33305004495a9","hash":"09ee28ee593a05edd45877dc0dfaf14f7568fa61"}
,"C:\\Users\\Jacob Akanji\\.ssh\\website-app\\packages\\express-backend\\src\\database.js": {"path":"C:\\Users\\Jacob Akanji\\.ssh\\website-app\\packages\\express-backend\\src\\database.js","statementMap":{"0":{"start":{"line":1,"column":17},"end":{"line":1,"column":36}},"1":{"start":{"line":2,"column":13},"end":{"line":2,"column":28}},"2":{"start":{"line":3,"column":0},"end":{"line":5,"column":3}},"3":{"start":{"line":10,"column":4},"end":{"line":10,"column":72}},"4":{"start":{"line":11,"column":4},"end":{"line":11,"column":35}},"5":{"start":{"line":12,"column":4},"end":{"line":12,"column":16}},"6":{"start":{"line":16,"column":4},"end":{"line":16,"column":23}},"7":{"start":{"line":19,"column":0},"end":{"line":19,"column":39}}},"fnMap":{"0":{"name":"connect","decl":{"start":{"line":9,"column":15},"end":{"line":9,"column":22}},"loc":{"start":{"line":9,"column":24},"end":{"line":13,"column":1}},"line":9},"1":{"name":"disconnect","decl":{"start":{"line":15,"column":15},"end":{"line":15,"column":25}},"loc":{"start":{"line":15,"column":27},"end":{"line":17,"column":1}},"line":15}},"branchMap":{},"s":{"0":1,"1":1,"2":1,"3":1,"4":1,"5":1,"6":1,"7":1},"f":{"0":1,"1":1},"b":{},"inputSourceMap":null,"_coverageSchema":"1a1c01bbd47fc00a2c39e90264f33305004495a9","hash":"07c104ee283e55d08d63a5bb2f0eeb6706eedf8a"}
,"C:\\Users\\Jacob Akanji\\.ssh\\website-app\\packages\\express-backend\\src\\songs\\song-services.js": {"path":"C:\\Users\\Jacob Akanji\\.ssh\\website-app\\packages\\express-backend\\src\\songs\\song-services.js","statementMap":{"0":{"start":{"line":2,"column":17},"end":{"line":2,"column":36}},"1":{"start":{"line":3,"column":13},"end":{"line":3,"column":33}},"2":{"start":{"line":5,"column":0},"end":{"line":5,"column":28}},"3":{"start":{"line":16,"column":2},"end":{"line":16,"column":36}},"4":{"start":{"line":16,"column":17},"end":{"line":16,"column":36}},"5":{"start":{"line":17,"column":2},"end":{"line":17,"column":33}},"6":{"start":{"line":21,"column":2},"end":{"line":21,"column":27}},"7":{"start":{"line":25,"column":18},"end":{"line":25,"column":49}},"8":{"start":{"line":26,"column":2},"end":{"line":26,"column":24}},"9":{"start":{"line":30,"column":2},"end":{"line":30,"column":36}},"10":{"start":{"line":35,"column":2},"end":{"line":35,"column":35}},"11":{"start":{"line":35,"column":16},"end":{"line":35,"column":35}},"12":{"start":{"line":36,"column":2},"end":{"line":36,"column":84}},"13":{"start":{"line":39,"column":0},"end":{"line":45,"column":2}}},"fnMap":{"0":{"name":"getSongs","decl":{"start":{"line":15,"column":9},"end":{"line":15,"column":17}},"loc":{"start":{"line":15,"column":28},"end":{"line":18,"column":1}},"line":15},"1":{"name":"findSongById","decl":{"start":{"line":20,"column":9},"end":{"line":20,"column":21}},"loc":{"start":{"line":20,"column":26},"end":{"line":22,"column":1}},"line":20},"2":{"name":"addSong","decl":{"start":{"line":24,"column":9},"end":{"line":24,"column":16}},"loc":{"start":{"line":24,"column":41},"end":{"line":27,"column":1}},"line":24},"3":{"name":"deleteSong","decl":{"start":{"line":29,"column":9},"end":{"line":29,"column":19}},"loc":{"start":{"line":29,"column":24},"end":{"line":31,"column":1}},"line":29},"4":{"name":"searchSong","decl":{"start":{"line":34,"column":9},"end":{"line":34,"column":19}},"loc":{"start":{"line":34,"column":29},"end":{"line":37,"column":1}},"line":34}},"branchMap":{"0":{"loc":{"start":{"line":16,"column":2},"end":{"line":16,"column":36}},"type":"if","locations":[{"start":{"line":16,"column":2},"end":{"line":16,"column":36}},{"start":{},"end":{}}],"line":16},"1":{"loc":{"start":{"line":24,"column":27},"end":{"line":24,"column":39}},"type":"default-arg","locations":[{"start":{"line":24,"column":37},"end":{"line":24,"column":39}}],"line":24},"2":{"loc":{"start":{"line":35,"column":2},"end":{"line":35,"column":35}},"type":"if","locations":[{"start":{"line":35,"column":2},"end":{"line":35,"column":35}},{"start":{},"end":{}}],"line":35}},"s":{"0":1,"1":1,"2":1,"3":0,"4":0,"5":0,"6":0,"7":0,"8":0,"9":0,"10":0,"11":0,"12":0,"13":1},"f":{"0":0,"1":0,"2":0,"3":0,"4":0},"b":{"0":[0,0],"1":[0],"2":[0,0]},"inputSourceMap":null,"_coverageSchema":"1a1c01bbd47fc00a2c39e90264f33305004495a9","hash":"939c1890cbba64004c9f933e1913989bea9382ab"}
,"C:\\Users\\Jacob Akanji\\.ssh\\website-app\\packages\\express-backend\\src\\songs\\song.js": {"path":"C:\\Users\\Jacob Akanji\\.ssh\\website-app\\packages\\express-backend\\src\\songs\\song.js","statementMap":{"0":{"start":{"line":2,"column":17},"end":{"line":2,"column":36}},"1":{"start":{"line":4,"column":19},"end":{"line":22,"column":1}},"2":{"start":{"line":24,"column":0},"end":{"line":24,"column":52}}},"fnMap":{},"branchMap":{},"s":{"0":1,"1":1,"2":1},"f":{},"b":{},"inputSourceMap":null,"_coverageSchema":"1a1c01bbd47fc00a2c39e90264f33305004495a9","hash":"c16cbd6930408c17a9442b8402c649bd7fa49481"}
,"C:\\Users\\Jacob Akanji\\.ssh\\website-app\\packages\\express-backend\\src\\user\\user-services.js": {"path":"C:\\Users\\Jacob Akanji\\.ssh\\website-app\\packages\\express-backend\\src\\user\\user-services.js","statementMap":{"0":{"start":{"line":2,"column":17},"end":{"line":2,"column":36}},"1":{"start":{"line":3,"column":18},"end":{"line":3,"column":38}},"2":{"start":{"line":5,"column":0},"end":{"line":5,"column":28}},"3":{"start":{"line":9,"column":2},"end":{"line":9,"column":11}},"4":{"start":{"line":19,"column":2},"end":{"line":19,"column":41}},"5":{"start":{"line":19,"column":17},"end":{"line":19,"column":41}},"6":{"start":{"line":20,"column":2},"end":{"line":20,"column":38}},"7":{"start":{"line":24,"column":2},"end":{"line":24,"column":32}},"8":{"start":{"line":29,"column":18},"end":{"line":29,"column":45}},"9":{"start":{"line":30,"column":2},"end":{"line":30,"column":24}},"10":{"start":{"line":35,"column":2},"end":{"line":35,"column":41}},"11":{"start":{"line":41,"column":15},"end":{"line":41,"column":38}},"12":{"start":{"line":42,"column":2},"end":{"line":42,"column":47}},"13":{"start":{"line":42,"column":13},"end":{"line":42,"column":47}},"14":{"start":{"line":43,"column":2},"end":{"line":43,"column":62}},"15":{"start":{"line":43,"column":25},"end":{"line":43,"column":62}},"16":{"start":{"line":44,"column":2},"end":{"line":44,"column":66}},"17":{"start":{"line":49,"column":15},"end":{"line":49,"column":38}},"18":{"start":{"line":50,"column":2},"end":{"line":50,"column":47}},"19":{"start":{"line":50,"column":13},"end":{"line":50,"column":47}},"20":{"start":{"line":52,"column":2},"end":{"line":52,"column":66}},"21":{"start":{"line":57,"column":15},"end":{"line":57,"column":38}},"22":{"start":{"line":58,"column":2},"end":{"line":58,"column":47}},"23":{"start":{"line":58,"column":13},"end":{"line":58,"column":47}},"24":{"start":{"line":59,"column":2},"end":{"line":59,"column":66}},"25":{"start":{"line":64,"column":15},"end":{"line":64,"column":38}},"26":{"start":{"line":65,"column":2},"end":{"line":65,"column":47}},"27":{"start":{"line":65,"column":13},"end":{"line":65,"column":47}},"28":{"start":{"line":67,"column":17},"end":{"line":67,"column":19}},"29":{"start":{"line":68,"column":2},"end":{"line":68,"column":60}},"30":{"start":{"line":68,"column":31},"end":{"line":68,"column":60}},"31":{"start":{"line":69,"column":2},"end":{"line":69,"column":45}},"32":{"start":{"line":69,"column":26},"end":{"line":69,"column":45}},"33":{"start":{"line":71,"column":2},"end":{"line":71,"column":59}},"34":{"start":{"line":74,"column":0},"end":{"line":84,"column":2}}},"fnMap":{"0":{"name":"setDatabaseConn","decl":{"start":{"line":8,"column":9},"end":{"line":8,"column":24}},"loc":{"start":{"line":8,"column":27},"end":{"line":10,"column":1}},"line":8},"1":{"name":"getUsers","decl":{"start":{"line":18,"column":9},"end":{"line":18,"column":17}},"loc":{"start":{"line":18,"column":28},"end":{"line":21,"column":1}},"line":18},"2":{"name":"findUserById","decl":{"start":{"line":23,"column":9},"end":{"line":23,"column":21}},"loc":{"start":{"line":23,"column":26},"end":{"line":25,"column":1}},"line":23},"3":{"name":"createUser","decl":{"start":{"line":28,"column":9},"end":{"line":28,"column":19}},"loc":{"start":{"line":28,"column":30},"end":{"line":31,"column":1}},"line":28},"4":{"name":"deleteUser","decl":{"start":{"line":34,"column":9},"end":{"line":34,"column":19}},"loc":{"start":{"line":34,"column":24},"end":{"line":36,"column":1}},"line":34},"5":{"name":"loginUser","decl":{"start":{"line":40,"column":15},"end":{"line":40,"column":24}},"loc":{"start":{"line":40,"column":29},"end":{"line":45,"column":1}},"line":40},"6":{"name":"logoutUser","decl":{"start":{"line":48,"column":15},"end":{"line":48,"column":25}},"loc":{"start":{"line":48,"column":30},"end":{"line":53,"column":1}},"line":48},"7":{"name":"timeoutUser","decl":{"start":{"line":56,"column":15},"end":{"line":56,"column":26}},"loc":{"start":{"line":56,"column":31},"end":{"line":60,"column":1}},"line":56},"8":{"name":"changePrefs","decl":{"start":{"line":63,"column":15},"end":{"line":63,"column":26}},"loc":{"start":{"line":63,"column":52},"end":{"line":72,"column":1}},"line":63}},"branchMap":{"0":{"loc":{"start":{"line":19,"column":2},"end":{"line":19,"column":41}},"type":"if","locations":[{"start":{"line":19,"column":2},"end":{"line":19,"column":41}},{"start":{},"end":{}}],"line":19},"1":{"loc":{"start":{"line":42,"column":2},"end":{"line":42,"column":47}},"type":"if","locations":[{"start":{"line":42,"column":2},"end":{"line":42,"column":47}},{"start":{},"end":{}}],"line":42},"2":{"loc":{"start":{"line":43,"column":2},"end":{"line":43,"column":62}},"type":"if","locations":[{"start":{"line":43,"column":2},"end":{"line":43,"column":62}},{"start":{},"end":{}}],"line":43},"3":{"loc":{"start":{"line":50,"column":2},"end":{"line":50,"column":47}},"type":"if","locations":[{"start":{"line":50,"column":2},"end":{"line":50,"column":47}},{"start":{},"end":{}}],"line":50},"4":{"loc":{"start":{"line":58,"column":2},"end":{"line":58,"column":47}},"type":"if","locations":[{"start":{"line":58,"column":2},"end":{"line":58,"column":47}},{"start":{},"end":{}}],"line":58},"5":{"loc":{"start":{"line":65,"column":2},"end":{"line":65,"column":47}},"type":"if","locations":[{"start":{"line":65,"column":2},"end":{"line":65,"column":47}},{"start":{},"end":{}}],"line":65},"6":{"loc":{"start":{"line":68,"column":2},"end":{"line":68,"column":60}},"type":"if","locations":[{"start":{"line":68,"column":2},"end":{"line":68,"column":60}},{"start":{},"end":{}}],"line":68},"7":{"loc":{"start":{"line":69,"column":2},"end":{"line":69,"column":45}},"type":"if","locations":[{"start":{"line":69,"column":2},"end":{"line":69,"column":45}},{"start":{},"end":{}}],"line":69}},"s":{"0":1,"1":1,"2":1,"3":1,"4":0,"5":0,"6":0,"7":0,"8":0,"9":0,"10":0,"11":0,"12":0,"13":0,"14":0,"15":0,"16":0,"17":0,"18":0,"19":0,"20":0,"21":0,"22":0,"23":0,"24":0,"25":0,"26":0,"27":0,"28":0,"29":0,"30":0,"31":0,"32":0,"33":0,"34":1},"f":{"0":1,"1":0,"2":0,"3":0,"4":0,"5":0,"6":0,"7":0,"8":0},"b":{"0":[0,0],"1":[0,0],"2":[0,0],"3":[0,0],"4":[0,0],"5":[0,0],"6":[0,0],"7":[0,0]},"inputSourceMap":null,"_coverageSchema":"1a1c01bbd47fc00a2c39e90264f33305004495a9","hash":"9b099f62e6528b44767989ac909f84c306148723"}
,"C:\\Users\\Jacob Akanji\\.ssh\\website-app\\packages\\express-backend\\src\\user\\user.js": {"path":"C:\\Users\\Jacob Akanji\\.ssh\\website-app\\packages\\express-backend\\src\\user\\user.js","statementMap":{"0":{"start":{"line":2,"column":17},"end":{"line":2,"column":36}},"1":{"start":{"line":4,"column":19},"end":{"line":34,"column":1}},"2":{"start":{"line":36,"column":0},"end":{"line":36,"column":52}}},"fnMap":{},"branchMap":{},"s":{"0":1,"1":1,"2":1},"f":{},"b":{},"inputSourceMap":null,"_coverageSchema":"1a1c01bbd47fc00a2c39e90264f33305004495a9","hash":"57667d39f3c2eab6d718a454e1286d3e4a498565"}
}
