TN:
SF:packages\express-backend\src\backend.js
FN:13,(anonymous_0)
FN:17,(anonymous_1)
FN:18,(anonymous_2)
FN:21,(anonymous_3)
FN:24,(anonymous_4)
FN:28,(anonymous_5)
FN:32,(anonymous_6)
FN:37,(anonymous_7)
FN:38,(anonymous_8)
FN:42,(anonymous_9)
FN:45,(anonymous_10)
FN:49,(anonymous_11)
FN:53,(anonymous_12)
FN:56,(anonymous_13)
FN:57,(anonymous_14)
FN:61,(anonymous_15)
FN:64,(anonymous_16)
FN:65,(anonymous_17)
FN:69,(anonymous_18)
FN:72,(anonymous_19)
FN:73,(anonymous_20)
FN:77,(anonymous_21)
FN:80,(anonymous_22)
FN:81,(anonymous_23)
FN:84,(anonymous_24)
FN:91,(anonymous_25)
FN:95,(anonymous_26)
FN:96,(anonymous_27)
FN:100,(anonymous_28)
FN:104,(anonymous_29)
FN:105,(anonymous_30)
FN:108,(anonymous_31)
FN:111,(anonymous_32)
FN:115,(anonymous_33)
FN:119,(anonymous_34)
FN:123,(anonymous_35)
FN:124,(anonymous_36)
FN:127,(anonymous_37)
FN:130,(anonymous_38)
FN:134,(anonymous_39)
FNF:40
FNH:40
FNDA:2,(anonymous_0)
FNDA:1,(anonymous_1)
FNDA:1,(anonymous_2)
FNDA:4,(anonymous_3)
FNDA:2,(anonymous_4)
FNDA:2,(anonymous_5)
FNDA:2,(anonymous_6)
FNDA:1,(anonymous_7)
FNDA:1,(anonymous_8)
FNDA:3,(anonymous_9)
FNDA:2,(anonymous_10)
FNDA:1,(anonymous_11)
FNDA:3,(anonymous_12)
FNDA:1,(anonymous_13)
FNDA:2,(anonymous_14)
FNDA:2,(anonymous_15)
FNDA:1,(anonymous_16)
FNDA:1,(anonymous_17)
FNDA:2,(anonymous_18)
FNDA:1,(anonymous_19)
FNDA:1,(anonymous_20)
FNDA:2,(anonymous_21)
FNDA:1,(anonymous_22)
FNDA:1,(anonymous_23)
FNDA:1,(anonymous_24)
FNDA:2,(anonymous_25)
FNDA:1,(anonymous_26)
FNDA:1,(anonymous_27)
FNDA:2,(anonymous_28)
FNDA:1,(anonymous_29)
FNDA:1,(anonymous_30)
FNDA:3,(anonymous_31)
FNDA:2,(anonymous_32)
FNDA:1,(anonymous_33)
FNDA:2,(anonymous_34)
FNDA:1,(anonymous_35)
FNDA:1,(anonymous_36)
FNDA:3,(anonymous_37)
FNDA:2,(anonymous_38)
FNDA:1,(anonymous_39)
DA:2,1
DA:3,1
DA:4,1
DA:5,1
DA:7,1
DA:9,1
DA:10,1
DA:13,1
DA:14,2
DA:15,2
DA:17,1
DA:18,1
DA:21,1
DA:22,4
DA:25,2
DA:26,1
DA:28,2
DA:32,1
DA:33,2
DA:34,2
DA:35,2
DA:37,1
DA:38,1
DA:42,1
DA:43,3
DA:46,2
DA:47,1
DA:49,1
DA:53,1
DA:54,3
DA:56,1
DA:57,2
DA:61,1
DA:62,2
DA:64,1
DA:65,1
DA:69,1
DA:70,2
DA:72,1
DA:73,1
DA:77,1
DA:78,2
DA:80,1
DA:81,1
DA:84,1
DA:85,1
DA:91,1
DA:92,2
DA:93,2
DA:95,1
DA:96,1
DA:100,1
DA:101,2
DA:102,2
DA:104,1
DA:105,1
DA:108,1
DA:109,3
DA:112,2
DA:113,1
DA:115,1
DA:119,1
DA:120,2
DA:121,2
DA:123,1
DA:124,1
DA:127,1
DA:128,3
DA:131,2
DA:132,1
DA:134,1
DA:137,1
LF:72
LH:72
BRDA:25,0,0,1
BRDA:25,0,1,1
BRDA:46,1,0,1
BRDA:46,1,1,1
BRDA:112,2,0,1
BRDA:112,2,1,1
BRDA:131,3,0,1
BRDA:131,3,1,1
BRF:8
BRH:8
end_of_record
TN:
SF:packages\express-backend\src\songs\song-services.js
FN:15,getSongs
FN:20,findSongById
FN:24,addSong
FN:29,deleteSong
FN:34,searchSong
FNF:5
FNH:5
FNDA:3,getSongs
FNDA:3,findSongById
FNDA:2,addSong
FNDA:3,deleteSong
FNDA:2,searchSong
DA:2,2
DA:3,2
DA:5,2
DA:16,3
DA:17,1
DA:21,3
DA:25,2
DA:26,2
DA:30,3
DA:35,2
DA:36,2
DA:41,2
LF:12
LH:12
BRDA:16,0,0,2
BRDA:16,0,1,1
BRDA:24,1,0,0
BRDA:35,2,0,0
BRDA:35,2,1,2
BRF:5
BRH:3
end_of_record
TN:
SF:packages\express-backend\src\songs\song.js
FNF:0
FNH:0
DA:2,2
DA:4,2
DA:23,2
LF:3
LH:3
BRF:0
BRH:0
end_of_record
TN:
SF:packages\express-backend\src\user\user-services.js
FN:5,getUsers
FN:17,findUserById
FN:22,createUser
FN:28,deleteUser
FN:34,loginUser
FN:42,logoutUser
FN:50,timeoutUser
FN:57,changePrefs
FNF:8
FNH:8
FNDA:4,getUsers
FNDA:10,findUserById
FNDA:3,createUser
FNDA:4,deleteUser
FNDA:6,loginUser
FNDA:4,logoutUser
FNDA:4,timeoutUser
FNDA:4,changePrefs
DA:2,2
DA:6,4
DA:7,4
DA:8,3
DA:9,3
DA:10,2
DA:12,2
DA:14,1
DA:18,10
DA:23,3
DA:24,3
DA:29,4
DA:35,6
DA:36,6
DA:37,4
DA:38,2
DA:43,4
DA:44,4
DA:46,2
DA:51,4
DA:52,4
DA:53,2
DA:58,4
DA:59,4
DA:61,2
DA:62,2
DA:63,2
DA:65,2
DA:68,2
LF:29
LH:29
BRDA:7,0,0,3
BRDA:7,0,1,1
BRDA:36,1,0,2
BRDA:36,1,1,4
BRDA:37,2,0,2
BRDA:37,2,1,2
BRDA:44,3,0,2
BRDA:44,3,1,2
BRDA:52,4,0,2
BRDA:52,4,1,2
BRDA:59,5,0,2
BRDA:59,5,1,2
BRDA:62,6,0,2
BRDA:62,6,1,0
BRDA:63,7,0,2
BRDA:63,7,1,0
BRF:16
BRH:14
end_of_record
TN:
SF:packages\express-backend\src\user\user.js
FNF:0
FNH:0
DA:2,2
DA:4,2
DA:36,2
LF:3
LH:3
BRF:0
BRH:0
end_of_record
