TN:
SF:packages\express-backend\src\backend.js
FN:13,setDatabaseConn
FN:17,(anonymous_1)
FN:19,(anonymous_2)
FN:23,(anonymous_3)
FN:27,(anonymous_4)
FN:30,(anonymous_5)
FN:31,(anonymous_6)
FN:35,(anonymous_7)
FN:37,(anonymous_8)
FN:41,(anonymous_9)
FN:45,(anonymous_10)
FN:47,(anonymous_11)
FN:48,(anonymous_12)
FN:52,(anonymous_13)
FN:54,(anonymous_14)
FN:55,(anonymous_15)
FN:59,(anonymous_16)
FN:61,(anonymous_17)
FN:62,(anonymous_18)
FN:66,(anonymous_19)
FN:68,(anonymous_20)
FN:69,(anonymous_21)
FN:72,(anonymous_22)
FN:79,(anonymous_23)
FN:82,(anonymous_24)
FN:83,(anonymous_25)
FN:87,(anonymous_26)
FN:90,(anonymous_27)
FN:91,(anonymous_28)
FN:94,(anonymous_29)
FN:96,(anonymous_30)
FN:100,(anonymous_31)
FN:104,(anonymous_32)
FN:107,(anonymous_33)
FN:108,(anonymous_34)
FN:111,(anonymous_35)
FN:113,(anonymous_36)
FN:117,(anonymous_37)
FNF:38
FNH:2
FNDA:1,setDatabaseConn
FNDA:0,(anonymous_1)
FNDA:0,(anonymous_2)
FNDA:0,(anonymous_3)
FNDA:0,(anonymous_4)
FNDA:0,(anonymous_5)
FNDA:0,(anonymous_6)
FNDA:0,(anonymous_7)
FNDA:0,(anonymous_8)
FNDA:0,(anonymous_9)
FNDA:0,(anonymous_10)
FNDA:0,(anonymous_11)
FNDA:0,(anonymous_12)
FNDA:0,(anonymous_13)
FNDA:0,(anonymous_14)
FNDA:0,(anonymous_15)
FNDA:0,(anonymous_16)
FNDA:0,(anonymous_17)
FNDA:0,(anonymous_18)
FNDA:0,(anonymous_19)
FNDA:0,(anonymous_20)
FNDA:0,(anonymous_21)
FNDA:1,(anonymous_22)
FNDA:0,(anonymous_23)
FNDA:0,(anonymous_24)
FNDA:0,(anonymous_25)
FNDA:0,(anonymous_26)
FNDA:0,(anonymous_27)
FNDA:0,(anonymous_28)
FNDA:0,(anonymous_29)
FNDA:0,(anonymous_30)
FNDA:0,(anonymous_31)
FNDA:0,(anonymous_32)
FNDA:0,(anonymous_33)
FNDA:0,(anonymous_34)
FNDA:0,(anonymous_35)
FNDA:0,(anonymous_36)
FNDA:0,(anonymous_37)
DA:2,1
DA:3,1
DA:4,1
DA:5,1
DA:7,1
DA:8,1
DA:10,1
DA:11,1
DA:14,1
DA:17,1
DA:18,0
DA:20,0
DA:21,0
DA:23,0
DA:27,1
DA:28,0
DA:29,0
DA:30,0
DA:31,0
DA:35,1
DA:36,0
DA:38,0
DA:39,0
DA:41,0
DA:45,1
DA:46,0
DA:47,0
DA:48,0
DA:52,1
DA:53,0
DA:54,0
DA:55,0
DA:59,1
DA:60,0
DA:61,0
DA:62,0
DA:66,1
DA:67,0
DA:68,0
DA:69,0
DA:72,1
DA:73,1
DA:79,1
DA:80,0
DA:81,0
DA:82,0
DA:83,0
DA:87,1
DA:88,0
DA:89,0
DA:90,0
DA:91,0
DA:94,1
DA:95,0
DA:97,0
DA:98,0
DA:100,0
DA:104,1
DA:105,0
DA:106,0
DA:107,0
DA:108,0
DA:111,1
DA:112,0
DA:114,0
DA:115,0
DA:117,0
DA:120,1
LF:68
LH:24
BRDA:20,0,0,0
BRDA:20,0,1,0
BRDA:38,1,0,0
BRDA:38,1,1,0
BRDA:97,2,0,0
BRDA:97,2,1,0
BRDA:114,3,0,0
BRDA:114,3,1,0
BRF:8
BRH:0
end_of_record
TN:
SF:packages\express-backend\src\database.js
FN:9,connect
FN:15,disconnect
FNF:2
FNH:2
FNDA:1,connect
FNDA:1,disconnect
DA:1,1
DA:2,1
DA:3,1
DA:10,1
DA:11,1
DA:12,1
DA:16,1
DA:19,1
LF:8
LH:8
BRF:0
BRH:0
end_of_record
TN:
SF:packages\express-backend\src\songs\song-services.js
FN:15,getSongs
FN:20,findSongById
FN:24,addSong
FN:29,deleteSong
FN:34,searchSong
FNF:5
FNH:0
FNDA:0,getSongs
FNDA:0,findSongById
FNDA:0,addSong
FNDA:0,deleteSong
FNDA:0,searchSong
DA:2,1
DA:3,1
DA:5,1
DA:16,0
DA:17,0
DA:21,0
DA:25,0
DA:26,0
DA:30,0
DA:35,0
DA:36,0
DA:39,1
LF:12
LH:4
BRDA:16,0,0,0
BRDA:16,0,1,0
BRDA:24,1,0,0
BRDA:35,2,0,0
BRDA:35,2,1,0
BRF:5
BRH:0
end_of_record
TN:
SF:packages\express-backend\src\songs\song.js
FNF:0
FNH:0
DA:2,1
DA:4,1
DA:24,1
LF:3
LH:3
BRF:0
BRH:0
end_of_record
TN:
SF:packages\express-backend\src\user\user-services.js
FN:8,setDatabaseConn
FN:18,getUsers
FN:23,findUserById
FN:28,createUser
FN:34,deleteUser
FN:40,loginUser
FN:48,logoutUser
FN:56,timeoutUser
FN:63,changePrefs
FNF:9
FNH:1
FNDA:1,setDatabaseConn
FNDA:0,getUsers
FNDA:0,findUserById
FNDA:0,createUser
FNDA:0,deleteUser
FNDA:0,loginUser
FNDA:0,logoutUser
FNDA:0,timeoutUser
FNDA:0,changePrefs
DA:2,1
DA:3,1
DA:5,1
DA:9,1
DA:19,0
DA:20,0
DA:24,0
DA:29,0
DA:30,0
DA:35,0
DA:41,0
DA:42,0
DA:43,0
DA:44,0
DA:49,0
DA:50,0
DA:52,0
DA:57,0
DA:58,0
DA:59,0
DA:64,0
DA:65,0
DA:67,0
DA:68,0
DA:69,0
DA:71,0
DA:74,1
LF:27
LH:5
BRDA:19,0,0,0
BRDA:19,0,1,0
BRDA:42,1,0,0
BRDA:42,1,1,0
BRDA:43,2,0,0
BRDA:43,2,1,0
BRDA:50,3,0,0
BRDA:50,3,1,0
BRDA:58,4,0,0
BRDA:58,4,1,0
BRDA:65,5,0,0
BRDA:65,5,1,0
BRDA:68,6,0,0
BRDA:68,6,1,0
BRDA:69,7,0,0
BRDA:69,7,1,0
BRF:16
BRH:0
end_of_record
TN:
SF:packages\express-backend\src\user\user.js
FNF:0
FNH:0
DA:2,1
DA:4,1
DA:36,1
LF:3
LH:3
BRF:0
BRH:0
end_of_record
